1759268206019	geckodriver	INFO	Listening on 127.0.0.1:60868
1759268209321	mozrunner::runner	INFO	Running command: "C:\\Users\\souad\\.cache\\selenium\\firefox\\win64\\143.0.3\\firefox.exe" "--marionette" "--remote-debuggin ... 9" "--remote-allow-hosts" "localhost" "-no-remote" "-profile" "C:\\Users\\souad\\AppData\\Local\\Temp\\rust_mozprofilek0xmw9"
console.warn: services.settings: Ignoring preference override of remote settings server
console.warn: services.settings: Allow by setting MOZ_REMOTE_SETTINGS_DEVTOOLS=1 in the environment
Dynamically enable window occlusion 0
1759268212681	Marionette	INFO	Marionette enabled
1759268212866	Marionette	INFO	Listening on port 60887
Read port: 60887
WebDriver BiDi listening on ws://127.0.0.1:60869
1759268212998	RemoteAgent	WARN	TLS certificate errors will be ignored for this session
JavaScript warning: https://www.google.com/search?q=Robot+Framework&sca_esv=764700c983d0c1df&source=hp&ei=eE3caIeuCemvi-gP7p22iQw&iflsig=AOw8s4IAAAAAaNxbiAqZBxmSo7BCekiiEx9-Dkb5Q9SW&ved=0ahUKEwiHytrouIGQAxXp1wIHHe6OLcEQ4dUDCA0&uact=5&oq=Robot+Framework&gs_lp=Egdnd3Mtd2l6GgIYAyIPUm9ib3QgRnJhbWV3b3JrMgUQABiABDIIEAAYFhgKGB4yBhAAGBYYHjIGEAAYFhgeMgYQABgWGB4yBhAAGBYYHjIGEAAYFhgeMgYQABgWGB4yBhAAGBYYHjIJEAAYFhiLAxgeSLsFUABYUnAAeACQAQGYAbcBoAGTBaoBAzAuNLgBA8gBAPgBAZgCA6ACiASYAwCSBwMwLjOgB5oPsgcDMC4zuAeIBMIHBTItMi4xyAcZ&sclient=gws-wiz, line 2622: unreachable code after return statement
JavaScript warning: https://www.google.com/search?q=Robot+Framework&sca_esv=764700c983d0c1df&source=hp&ei=eE3caIeuCemvi-gP7p22iQw&iflsig=AOw8s4IAAAAAaNxbiAqZBxmSo7BCekiiEx9-Dkb5Q9SW&ved=0ahUKEwiHytrouIGQAxXp1wIHHe6OLcEQ4dUDCA0&uact=5&oq=Robot+Framework&gs_lp=Egdnd3Mtd2l6GgIYAyIPUm9ib3QgRnJhbWV3b3JrMgUQABiABDIIEAAYFhgKGB4yBhAAGBYYHjIGEAAYFhgeMgYQABgWGB4yBhAAGBYYHjIGEAAYFhgeMgYQABgWGB4yBhAAGBYYHjIJEAAYFhiLAxgeSLsFUABYUnAAeACQAQGYAbcBoAGTBaoBAzAuNLgBA8gBAPgBAZgCA6ACiASYAwCSBwMwLjOgB5oPsgcDMC4zuAeIBMIHBTItMi4xyAcZ&sclient=gws-wiz, line 2622: unreachable code after return statement
JavaScript warning: https://www.google.com/search?q=Robot+Framework&sca_esv=764700c983d0c1df&source=hp&ei=eE3caIeuCemvi-gP7p22iQw&iflsig=AOw8s4IAAAAAaNxbiAqZBxmSo7BCekiiEx9-Dkb5Q9SW&ved=0ahUKEwiHytrouIGQAxXp1wIHHe6OLcEQ4dUDCA0&uact=5&oq=Robot+Framework&gs_lp=Egdnd3Mtd2l6GgIYAyIPUm9ib3QgRnJhbWV3b3JrMgUQABiABDIIEAAYFhgKGB4yBhAAGBYYHjIGEAAYFhgeMgYQABgWGB4yBhAAGBYYHjIGEAAYFhgeMgYQABgWGB4yBhAAGBYYHjIJEAAYFhiLAxgeSLsFUABYUnAAeACQAQGYAbcBoAGTBaoBAzAuNLgBA8gBAPgBAZgCA6ACiASYAwCSBwMwLjOgB5oPsgcDMC4zuAeIBMIHBTItMi4xyAcZ&sclient=gws-wiz line 2 > eval, line 2622: unreachable code after return statement
JavaScript warning: https://www.google.com/search?q=Robot+Framework&sca_esv=764700c983d0c1df&source=hp&ei=eE3caIeuCemvi-gP7p22iQw&iflsig=AOw8s4IAAAAAaNxbiAqZBxmSo7BCekiiEx9-Dkb5Q9SW&ved=0ahUKEwiHytrouIGQAxXp1wIHHe6OLcEQ4dUDCA0&uact=5&oq=Robot+Framework&gs_lp=Egdnd3Mtd2l6GgIYAyIPUm9ib3QgRnJhbWV3b3JrMgUQABiABDIIEAAYFhgKGB4yBhAAGBYYHjIGEAAYFhgeMgYQABgWGB4yBhAAGBYYHjIGEAAYFhgeMgYQABgWGB4yBhAAGBYYHjIJEAAYFhiLAxgeSLsFUABYUnAAeACQAQGYAbcBoAGTBaoBAzAuNLgBA8gBAPgBAZgCA6ACiASYAwCSBwMwLjOgB5oPsgcDMC4zuAeIBMIHBTItMi4xyAcZ&sclient=gws-wiz line 2 > eval, line 1: unreachable code after return statement
JavaScript warning: https://www.google.com/search?q=Robot+Framework&sca_esv=764700c983d0c1df&source=hp&ei=eE3caIeuCemvi-gP7p22iQw&iflsig=AOw8s4IAAAAAaNxbiAqZBxmSo7BCekiiEx9-Dkb5Q9SW&ved=0ahUKEwiHytrouIGQAxXp1wIHHe6OLcEQ4dUDCA0&uact=5&oq=Robot+Framework&gs_lp=Egdnd3Mtd2l6GgIYAyIPUm9ib3QgRnJhbWV3b3JrMgUQABiABDIIEAAYFhgKGB4yBhAAGBYYHjIGEAAYFhgeMgYQABgWGB4yBhAAGBYYHjIGEAAYFhgeMgYQABgWGB4yBhAAGBYYHjIJEAAYFhiLAxgeSLsFUABYUnAAeACQAQGYAbcBoAGTBaoBAzAuNLgBA8gBAPgBAZgCA6ACiASYAwCSBwMwLjOgB5oPsgcDMC4zuAeIBMIHBTItMi4xyAcZ&sclient=gws-wiz line 2 > eval line 2622 > eval, line 1: unreachable code after return statement
JavaScript warning: https://www.google.com/search?q=Robot+Framework&sca_esv=764700c983d0c1df&source=hp&ei=eE3caIeuCemvi-gP7p22iQw&iflsig=AOw8s4IAAAAAaNxbiAqZBxmSo7BCekiiEx9-Dkb5Q9SW&ved=0ahUKEwiHytrouIGQAxXp1wIHHe6OLcEQ4dUDCA0&uact=5&oq=Robot+Framework&gs_lp=Egdnd3Mtd2l6GgIYAyIPUm9ib3QgRnJhbWV3b3JrMgUQABiABDIIEAAYFhgKGB4yBhAAGBYYHjIGEAAYFhgeMgYQABgWGB4yBhAAGBYYHjIGEAAYFhgeMgYQABgWGB4yBhAAGBYYHjIJEAAYFhiLAxgeSLsFUABYUnAAeACQAQGYAbcBoAGTBaoBAzAuNLgBA8gBAPgBAZgCA6ACiASYAwCSBwMwLjOgB5oPsgcDMC4zuAeIBMIHBTItMi4xyAcZ&sclient=gws-wiz line 2 > eval line 2622 > eval line 1 > eval, line 1: unreachable code after return statement
JavaScript warning: https://www.google.com/search?q=Robot+Framework&sca_esv=764700c983d0c1df&source=hp&ei=eE3caIeuCemvi-gP7p22iQw&iflsig=AOw8s4IAAAAAaNxbiAqZBxmSo7BCekiiEx9-Dkb5Q9SW&ved=0ahUKEwiHytrouIGQAxXp1wIHHe6OLcEQ4dUDCA0&uact=5&oq=Robot+Framework&gs_lp=Egdnd3Mtd2l6GgIYAyIPUm9ib3QgRnJhbWV3b3JrMgUQABiABDIIEAAYFhgKGB4yBhAAGBYYHjIGEAAYFhgeMgYQABgWGB4yBhAAGBYYHjIGEAAYFhgeMgYQABgWGB4yBhAAGBYYHjIJEAAYFhiLAxgeSLsFUABYUnAAeACQAQGYAbcBoAGTBaoBAzAuNLgBA8gBAPgBAZgCA6ACiASYAwCSBwMwLjOgB5oPsgcDMC4zuAeIBMIHBTItMi4xyAcZ&sclient=gws-wiz line 2 > eval line 2622 > eval line 1 > eval line 1 > eval, line 1: unreachable code after return statement
1759268218380	Marionette	WARN	Ignoring event 'DOMContentLoaded' because document has an invalid readyState of 'complete'.
JavaScript error: https://www.google.com/sorry/index?continue=https://www.google.com/search%3Fq%3DRobot%2BFramework%26sca_esv%3D764700c983d0c1df%26source%3Dhp%26ei%3DeE3caIeuCemvi-gP7p22iQw%26iflsig%3DAOw8s4IAAAAAaNxbiAqZBxmSo7BCekiiEx9-Dkb5Q9SW%26ved%3D0ahUKEwiHytrouIGQAxXp1wIHHe6OLcEQ4dUDCA0%26uact%3D5%26oq%3DRobot%2BFramework%26gs_lp%3DEgdnd3Mtd2l6GgIYAyIPUm9ib3QgRnJhbWV3b3JrMgUQABiABDIIEAAYFhgKGB4yBhAAGBYYHjIGEAAYFhgeMgYQABgWGB4yBhAAGBYYHjIGEAAYFhgeMgYQABgWGB4yBhAAGBYYHjIJEAAYFhiLAxgeSLsFUABYUnAAeACQAQGYAbcBoAGTBaoBAzAuNLgBA8gBAPgBAZgCA6ACiASYAwCSBwMwLjOgB5oPsgcDMC4zuAeIBMIHBTItMi4xyAcZ%26sclient%3Dgws-wiz%26sei%3DeU3caKeVOoekkdUPmcCr2Ac&q=EgRmvuyBGPqa8cYGIjBSNAN6A9DPsbL5jDvavM70tf2nRqzRBZ9EN5GnJ6K989ZErHUTRz1pXIJZqquxOesyAVJaAUM, line 1: ReferenceError: solveSimpleChallenge is not defined
1759268234075	Marionette	INFO	Stopped listening on port 60887
Dynamically enable window occlusion 1
console.error: "Failed to fetch https://spocs.getpocket.com/user:" "NetworkError when attempting to fetch resource."
console.error: (new TypeError("NetworkError when attempting to fetch resource.", ""))
console.error: (new Error("OHTTP was configured for https://ads.mozilla.org/v1/delete_user but we couldn't fetch a valid config", "moz-src:///browser/modules/ContextId.sys.mjs", 234))
console.warn: TopSitesFeed: Failed to fetch data from MARS server: NetworkError when attempting to fetch resource.
JavaScript error: resource://gre/modules/ObliviousHTTP.sys.mjs, line 105: NS_ERROR_XPC_CANT_CONVERT_PRIMITIVE_TO_ARRAY: Cannot convert primitive JavaScript value into an array arg 2 [nsIObliviousHttpService.newChannel]
JavaScript error: resource://services-settings/RemoteSettingsClient.sys.mjs, line 102: Error: Unknown callback
