1759268318835	geckodriver	INFO	Listening on 127.0.0.1:60962
1759268321974	mozrunner::runner	INFO	Running command: "C:\\Users\\souad\\.cache\\selenium\\firefox\\win64\\143.0.3\\firefox.exe" "--marionette" "--remote-debuggin ... 3" "--remote-allow-hosts" "localhost" "-no-remote" "-profile" "C:\\Users\\souad\\AppData\\Local\\Temp\\rust_mozprofileSL2T8F"
console.warn: services.settings: Ignoring preference override of remote settings server
console.warn: services.settings: Allow by setting MOZ_REMOTE_SETTINGS_DEVTOOLS=1 in the environment
Dynamically enable window occlusion 0
1759268322591	Marionette	INFO	Marionette enabled
1759268322679	Marionette	INFO	Listening on port 60970
Read port: 60970
WebDriver BiDi listening on ws://127.0.0.1:60963
1759268322748	RemoteAgent	WARN	TLS certificate errors will be ignored for this session
1759268327564	Marionette	INFO	Stopped listening on port 60970
Dynamically enable window occlusion 1
JavaScript warning: https://www.google.com/search?q=TestForUpwork&sca_esv=764700c983d0c1df&source=hp&ei=5U3caPLYLYLsi-gPzO-X-AE&iflsig=AOw8s4IAAAAAaNxb9SN5JXvKOaoyz9ZYBmsAbHPLG0Pn&ved=0ahUKEwiy3_ucuYGQAxUC9gIHHcz3BR8Q4dUDCA0&uact=5&oq=TestForUpwork&gs_lp=Egdnd3Mtd2l6Ig1UZXN0Rm9yVXB3b3JrMgUQABjvBTIFEAAY7wUyBRAAGO8FMgUQABjvBUjNA1AAWFFwAHgAkAEBmAGEAqABvQaqAQUwLjEuM7gBA8gBAPgBAZgCA6AC8wTCAgcQABiABBgNwgIGEAAYDRgemAMAkgcFMC4xLjKgB9QKsgcFMC4xLjK4B_MEwgcHMi0xLjEuMcgHJw&sclient=gws-wiz, line 2734: unreachable code after return statement
JavaScript warning: https://www.google.com/search?q=TestForUpwork&sca_esv=764700c983d0c1df&source=hp&ei=5U3caPLYLYLsi-gPzO-X-AE&iflsig=AOw8s4IAAAAAaNxb9SN5JXvKOaoyz9ZYBmsAbHPLG0Pn&ved=0ahUKEwiy3_ucuYGQAxUC9gIHHcz3BR8Q4dUDCA0&uact=5&oq=TestForUpwork&gs_lp=Egdnd3Mtd2l6Ig1UZXN0Rm9yVXB3b3JrMgUQABjvBTIFEAAY7wUyBRAAGO8FMgUQABjvBUjNA1AAWFFwAHgAkAEBmAGEAqABvQaqAQUwLjEuM7gBA8gBAPgBAZgCA6AC8wTCAgcQABiABBgNwgIGEAAYDRgemAMAkgcFMC4xLjKgB9QKsgcFMC4xLjK4B_MEwgcHMi0xLjEuMcgHJw&sclient=gws-wiz, line 2734: unreachable code after return statement
JavaScript warning: https://www.google.com/search?q=TestForUpwork&sca_esv=764700c983d0c1df&source=hp&ei=5U3caPLYLYLsi-gPzO-X-AE&iflsig=AOw8s4IAAAAAaNxb9SN5JXvKOaoyz9ZYBmsAbHPLG0Pn&ved=0ahUKEwiy3_ucuYGQAxUC9gIHHcz3BR8Q4dUDCA0&uact=5&oq=TestForUpwork&gs_lp=Egdnd3Mtd2l6Ig1UZXN0Rm9yVXB3b3JrMgUQABjvBTIFEAAY7wUyBRAAGO8FMgUQABjvBUjNA1AAWFFwAHgAkAEBmAGEAqABvQaqAQUwLjEuM7gBA8gBAPgBAZgCA6AC8wTCAgcQABiABBgNwgIGEAAYDRgemAMAkgcFMC4xLjKgB9QKsgcFMC4xLjK4B_MEwgcHMi0xLjEuMcgHJw&sclient=gws-wiz line 2 > eval, line 2734: unreachable code after return statement
console.error: (new TypeError("WeakMap key null must be an object", "chrome://remote/content/shared/WindowManager.sys.mjs", 189))
JavaScript warning: https://www.google.com/search?q=TestForUpwork&sca_esv=764700c983d0c1df&source=hp&ei=5U3caPLYLYLsi-gPzO-X-AE&iflsig=AOw8s4IAAAAAaNxb9SN5JXvKOaoyz9ZYBmsAbHPLG0Pn&ved=0ahUKEwiy3_ucuYGQAxUC9gIHHcz3BR8Q4dUDCA0&uact=5&oq=TestForUpwork&gs_lp=Egdnd3Mtd2l6Ig1UZXN0Rm9yVXB3b3JrMgUQABjvBTIFEAAY7wUyBRAAGO8FMgUQABjvBUjNA1AAWFFwAHgAkAEBmAGEAqABvQaqAQUwLjEuM7gBA8gBAPgBAZgCA6AC8wTCAgcQABiABBgNwgIGEAAYDRgemAMAkgcFMC4xLjKgB9QKsgcFMC4xLjK4B_MEwgcHMi0xLjEuMcgHJw&sclient=gws-wiz line 2 > eval, line 1: unreachable code after return statement
JavaScript warning: https://www.google.com/search?q=TestForUpwork&sca_esv=764700c983d0c1df&source=hp&ei=5U3caPLYLYLsi-gPzO-X-AE&iflsig=AOw8s4IAAAAAaNxb9SN5JXvKOaoyz9ZYBmsAbHPLG0Pn&ved=0ahUKEwiy3_ucuYGQAxUC9gIHHcz3BR8Q4dUDCA0&uact=5&oq=TestForUpwork&gs_lp=Egdnd3Mtd2l6Ig1UZXN0Rm9yVXB3b3JrMgUQABjvBTIFEAAY7wUyBRAAGO8FMgUQABjvBUjNA1AAWFFwAHgAkAEBmAGEAqABvQaqAQUwLjEuM7gBA8gBAPgBAZgCA6AC8wTCAgcQABiABBgNwgIGEAAYDRgemAMAkgcFMC4xLjKgB9QKsgcFMC4xLjK4B_MEwgcHMi0xLjEuMcgHJw&sclient=gws-wiz line 2 > eval line 2734 > eval, line 1: unreachable code after return statement
JavaScript warning: https://www.google.com/search?q=TestForUpwork&sca_esv=764700c983d0c1df&source=hp&ei=5U3caPLYLYLsi-gPzO-X-AE&iflsig=AOw8s4IAAAAAaNxb9SN5JXvKOaoyz9ZYBmsAbHPLG0Pn&ved=0ahUKEwiy3_ucuYGQAxUC9gIHHcz3BR8Q4dUDCA0&uact=5&oq=TestForUpwork&gs_lp=Egdnd3Mtd2l6Ig1UZXN0Rm9yVXB3b3JrMgUQABjvBTIFEAAY7wUyBRAAGO8FMgUQABjvBUjNA1AAWFFwAHgAkAEBmAGEAqABvQaqAQUwLjEuM7gBA8gBAPgBAZgCA6AC8wTCAgcQABiABBgNwgIGEAAYDRgemAMAkgcFMC4xLjKgB9QKsgcFMC4xLjK4B_MEwgcHMi0xLjEuMcgHJw&sclient=gws-wiz line 2 > eval line 2734 > eval line 1 > eval, line 1: unreachable code after return statement
console.error: "Failed to fetch https://spocs.getpocket.com/user:" "NetworkError when attempting to fetch resource."
JavaScript warning: https://www.google.com/search?q=TestForUpwork&sca_esv=764700c983d0c1df&source=hp&ei=5U3caPLYLYLsi-gPzO-X-AE&iflsig=AOw8s4IAAAAAaNxb9SN5JXvKOaoyz9ZYBmsAbHPLG0Pn&ved=0ahUKEwiy3_ucuYGQAxUC9gIHHcz3BR8Q4dUDCA0&uact=5&oq=TestForUpwork&gs_lp=Egdnd3Mtd2l6Ig1UZXN0Rm9yVXB3b3JrMgUQABjvBTIFEAAY7wUyBRAAGO8FMgUQABjvBUjNA1AAWFFwAHgAkAEBmAGEAqABvQaqAQUwLjEuM7gBA8gBAPgBAZgCA6AC8wTCAgcQABiABBgNwgIGEAAYDRgemAMAkgcFMC4xLjKgB9QKsgcFMC4xLjK4B_MEwgcHMi0xLjEuMcgHJw&sclient=gws-wiz line 2 > eval line 2734 > eval line 1 > eval line 1 > eval, line 1: unreachable code after return statement
console.error: (new TypeError("NetworkError when attempting to fetch resource.", ""))
console.error: (new Error("OHTTP was configured for https://ads.mozilla.org/v1/delete_user but we couldn't fetch a valid config", "moz-src:///browser/modules/ContextId.sys.mjs", 234))
console.warn: TopSitesFeed: Failed to fetch data from MARS server: NetworkError when attempting to fetch resource.
JavaScript error: resource://gre/modules/ObliviousHTTP.sys.mjs, line 105: NS_ERROR_XPC_CANT_CONVERT_PRIMITIVE_TO_ARRAY: Cannot convert primitive JavaScript value into an array arg 2 [nsIObliviousHttpService.newChannel]
JavaScript error: resource://services-settings/RemoteSettingsClient.sys.mjs, line 102: Error: Unknown callback
